<?xml version="1.0" encoding="UTF-8"?>
<!-- Generated by org.testng.reporters.JUnitXMLReporter -->
<testsuite ignored="0" hostname="DESKTOP-N8E20KA" failures="1" tests="1" name="Test1" time="98.233" errors="0" timestamp="2024-03-04T20:21:32 SAST">
  <testcase classname="testCases.Parallel.TC002" name="addRemoveItemBasketTest" time="39.071">
    <failure type="java.lang.AssertionError" message="Total amount does not match the expected amount, amount found was: $45.24">
      <![CDATA[java.lang.AssertionError: Total amount does not match the expected amount, amount found was: $45.24
at testCases.Parallel.TC002.addRemoveItemBasketTest(TC002.java:77)
at java.base/java.util.ArrayList.forEach(ArrayList.java:1511)
at java.base/java.util.concurrent.FutureTask.run(FutureTask.java:264)
at java.base/java.util.concurrent.ThreadPoolExecutor.runWorker(ThreadPoolExecutor.java:1136)
at java.base/java.util.concurrent.ThreadPoolExecutor$Worker.run(ThreadPoolExecutor.java:635)
at java.base/java.lang.Thread.run(Thread.java:833)
... Removed 18 stack frames]]>
    </failure>
  </testcase> <!-- addRemoveItemBasketTest -->
</testsuite> <!-- Test1 -->
